  Debug.cpp
  DirectInput.cpp
  FileAccess.cpp
  GBCart.cpp
  Interface.cpp
  International.cpp
  NRagePluginV2.cpp
  PakIO.cpp
  XInputController.cpp
  Transferpak enabled in Interface
  Driver-fix for Rumble with Adaptoid enabled
  Conforming to Zilmar Spec 1.0
C:\Users\Shuri\Source\Repos\nrage-input\Interface.cpp(3675,50): warning C4838: conversion from 'unsigned long' to 'int' requires a narrowing conversion
C:\Users\Shuri\Source\Repos\nrage-input\Interface.cpp(3676,50): warning C4838: conversion from 'unsigned long' to 'int' requires a narrowing conversion
C:\Users\Shuri\Source\Repos\nrage-input\Interface.cpp(3677,48): warning C4838: conversion from 'unsigned long' to 'int' requires a narrowing conversion
C:\Users\Shuri\Source\Repos\nrage-input\Interface.cpp(3678,48): warning C4838: conversion from 'unsigned long' to 'int' requires a narrowing conversion
C:\Users\Shuri\Source\Repos\nrage-input\Interface.cpp(3679,48): warning C4838: conversion from 'unsigned long' to 'int' requires a narrowing conversion
C:\Users\Shuri\Source\Repos\nrage-input\Interface.cpp(3680,48): warning C4838: conversion from 'unsigned long' to 'int' requires a narrowing conversion
C:\Users\Shuri\Source\Repos\nrage-input\FileAccess.cpp(1462,31): warning C4477: 'sscanf' : format string '%02hX' requires an argument of type 'unsigned short *', but variadic argument 4 has type 'unsigned char *'
C:\Users\Shuri\Source\Repos\nrage-input\FileAccess.cpp(1462,31): message : consider using '%hhX' in the format string
C:\Users\Shuri\Source\Repos\nrage-input\FileAccess.cpp(1462,31): warning C4477: 'sscanf' : format string '%02hX' requires an argument of type 'unsigned short *', but variadic argument 5 has type 'unsigned char *'
C:\Users\Shuri\Source\Repos\nrage-input\FileAccess.cpp(1462,31): message : consider using '%hhX' in the format string
C:\Users\Shuri\Source\Repos\nrage-input\FileAccess.cpp(1462,31): warning C4477: 'sscanf' : format string '%02hX' requires an argument of type 'unsigned short *', but variadic argument 6 has type 'unsigned char *'
C:\Users\Shuri\Source\Repos\nrage-input\FileAccess.cpp(1462,31): message : consider using '%hhX' in the format string
C:\Users\Shuri\Source\Repos\nrage-input\FileAccess.cpp(1462,31): warning C4477: 'sscanf' : format string '%02hX' requires an argument of type 'unsigned short *', but variadic argument 7 has type 'unsigned char *'
C:\Users\Shuri\Source\Repos\nrage-input\FileAccess.cpp(1462,31): message : consider using '%hhX' in the format string
C:\Users\Shuri\Source\Repos\nrage-input\FileAccess.cpp(1462,31): warning C4477: 'sscanf' : format string '%02hX' requires an argument of type 'unsigned short *', but variadic argument 8 has type 'unsigned char *'
C:\Users\Shuri\Source\Repos\nrage-input\FileAccess.cpp(1462,31): message : consider using '%hhX' in the format string
C:\Users\Shuri\Source\Repos\nrage-input\FileAccess.cpp(1462,31): warning C4477: 'sscanf' : format string '%02hX' requires an argument of type 'unsigned short *', but variadic argument 9 has type 'unsigned char *'
C:\Users\Shuri\Source\Repos\nrage-input\FileAccess.cpp(1462,31): message : consider using '%hhX' in the format string
C:\Users\Shuri\Source\Repos\nrage-input\FileAccess.cpp(1462,31): warning C4477: 'sscanf' : format string '%02hX' requires an argument of type 'unsigned short *', but variadic argument 10 has type 'unsigned char *'
C:\Users\Shuri\Source\Repos\nrage-input\FileAccess.cpp(1462,31): message : consider using '%hhX' in the format string
  goombasav.c
  minilzo.c
..\..\NRagePluginV2.rc(10): fatal error RC1015: cannot open include file 'afxres.h'.
  
